Traceback (most recent call last):
  File "/opt/hostedtoolcache/Python/3.8.18/x64/lib/python3.8/site-packages/jupyter_core/utils/__init__.py", line 154, in wrapped
    asyncio.get_running_loop()
RuntimeError: no running event loop

During handling of the above exception, another exception occurred:

Traceback (most recent call last):
  File "/opt/hostedtoolcache/Python/3.8.18/x64/lib/python3.8/site-packages/jupyter_cache/executors/utils.py", line 58, in single_nb_execution
    executenb(
  File "/opt/hostedtoolcache/Python/3.8.18/x64/lib/python3.8/site-packages/nbclient/client.py", line 1305, in execute
    return NotebookClient(nb=nb, resources=resources, km=km, **kwargs).execute()
  File "/opt/hostedtoolcache/Python/3.8.18/x64/lib/python3.8/site-packages/jupyter_core/utils/__init__.py", line 158, in wrapped
    return loop.run_until_complete(inner)
  File "/opt/hostedtoolcache/Python/3.8.18/x64/lib/python3.8/asyncio/base_events.py", line 616, in run_until_complete
    return future.result()
  File "/opt/hostedtoolcache/Python/3.8.18/x64/lib/python3.8/site-packages/nbclient/client.py", line 705, in async_execute
    await self.async_execute_cell(
  File "/opt/hostedtoolcache/Python/3.8.18/x64/lib/python3.8/site-packages/nbclient/client.py", line 1058, in async_execute_cell
    await self._check_raise_for_error(cell, cell_index, exec_reply)
  File "/opt/hostedtoolcache/Python/3.8.18/x64/lib/python3.8/site-packages/nbclient/client.py", line 914, in _check_raise_for_error
    raise CellExecutionError.from_cell_and_msg(cell, exec_reply_content)
nbclient.exceptions.CellExecutionError: An error occurred while executing the following cell:
------------------
# Define the energy levels and set kB=1 to simplfy units
E0, E1 = 0, 1

# Define a range of temperatures (avoiding zero) 
T = np.linspace(0.1, 5, 100)

# Calculate the internal energy U

# Calculate the heat capacity C
C = np.diff(U) / np.diff(T)
------------------


[0;31m---------------------------------------------------------------------------[0m
[0;31mNameError[0m                                 Traceback (most recent call last)
Cell [0;32mIn[3], line 10[0m
[1;32m      5[0m T [38;5;241m=[39m np[38;5;241m.[39mlinspace([38;5;241m0.1[39m, [38;5;241m5[39m, [38;5;241m100[39m)
[1;32m      7[0m [38;5;66;03m# Calculate the internal energy U[39;00m
[1;32m      8[0m 
[1;32m      9[0m [38;5;66;03m# Calculate the heat capacity C[39;00m
[0;32m---> 10[0m C [38;5;241m=[39m np[38;5;241m.[39mdiff([43mU[49m) [38;5;241m/[39m np[38;5;241m.[39mdiff(T)

[0;31mNameError[0m: name 'U' is not defined

